<?xml version="1.0" encoding="UTF-8"?>
<!-- Generated by org.testng.reporters.JUnitXMLReporter -->
<testsuite ignored="2" hostname="DESKTOP-9P43CVK" failures="0" tests="24" name="AmericanCarsTest" time="0.059" errors="0" timestamp="2021-03-31T12:40:53 CDT">
  <testcase classname="AmericanCars.CadillacTest" name="Cadillac_Escalade_Test" time="0.004"/>
  <testcase classname="AmericanCars.CadillacTest" name="Cadillac_CT6_Test" time="0.002"/>
  <testcase classname="AmericanCars.CadillacTest" name="Cadillac_XT5_Test" time="0.001"/>
  <testcase classname="AmericanCars.ChevyTest" name="Chevy_Camaro_Test" time="0.0"/>
  <testcase classname="AmericanCars.ChevyTest" name="Chevy_Impala_Test" time="0.003"/>
  <testcase classname="AmericanCars.ChevyTest" name="Chevy_Silverado_Test" time="0.001"/>
  <testcase classname="AmericanCars.ChryslerTest" name="Chrysler_Pacifica_Test" time="0.0"/>
  <testcase classname="AmericanCars.DodgeTest" name="Dodge_Challenger_Test" time="0.0"/>
  <testcase classname="AmericanCars.DodgeTest" name="Dodge_Charger_Test" time="0.001"/>
  <testcase classname="AmericanCars.DodgeTest" name="Dodge_Durango_Test" time="0.0"/>
  <testcase classname="AmericanCars.FordTest" name="Ford_Eclipse_Test" time="0.0"/>
  <testcase classname="AmericanCars.FordTest" name="Ford_Focus_Test" time="0.0"/>
  <testcase classname="AmericanCars.FordTest" name="Ford_Mustang_Test" time="0.001"/>
  <testcase classname="AmericanCars.GmcTest" name="Gmc_Yukon_Test" time="0.001"/>
  <testcase classname="AmericanCars.GmcTest" name="Gmc_Yukon_Test" time="0.0"/>
  <testcase classname="AmericanCars.GmcTest" name="Gmc_Yukon_Test" time="0.0"/>
  <testcase classname="AmericanCars.TeslaTest" name="Tesla_Model3_Test" time="0.0"/>
  <testcase classname="AmericanCars.TeslaTest" name="Tesla_ModelS_Test" time="0.001"/>
  <testcase classname="AmericanCars.TeslaTest" name="Tesla_ModelX_Test" time="0.0"/>
  <testcase classname="AmericanCars.ChryslerTest" name="Chrysler_200_Test" time="0.001"/>
  <testcase classname="AmericanCars.JeepTest" name="Jeep_Grandcherokee_Test" time="0.001"/>
  <testcase classname="AmericanCars.ChryslerTest" name="Chrysler_300S_Test" time="0.001"/>
  <testcase classname="AmericanCars.JeepTest" name="Jeep_Cherokee_Test" time="0.0"/>
  <testcase classname="AmericanCars.JeepTest" name="Jeep_Rubicon_Test" time="0.0"/>
  <testcase classname="AmericanCars.GmcTest" name="Gmc_Acadia_Test" time="0.0">
    <ignored/>
  </testcase> <!-- Gmc_Acadia_Test -->
  <testcase classname="AmericanCars.GmcTest" name="Gmc_Terrain_Test" time="0.0">
    <ignored/>
  </testcase> <!-- Gmc_Terrain_Test -->
</testsuite> <!-- AmericanCarsTest -->
