<?xml version="1.0" encoding="UTF-8"?>
<!-- Generated by org.testng.reporters.JUnitXMLReporter -->
<testsuite ignored="8" hostname="DESKTOP-9P43CVK" failures="0" tests="4" name="GermanCarsTest" time="0.029" errors="0" timestamp="2021-03-31T12:40:53 CDT">
  <testcase classname="GermanCars.BmwTest" name="Bmw_M4_Test" time="0.003"/>
  <testcase classname="GermanCars.MercedesTest" name="Mercedes_S300_Test" time="0.001"/>
  <testcase classname="GermanCars.AudiTest" name="Audi_RS4_Test" time="0.001"/>
  <testcase classname="GermanCars.VolkswagenTest" name="Volkswagen_Arteon_Test" time="0.001"/>
  <testcase classname="GermanCars.AudiTest" name="Audi_Q7_Test" time="0.0">
    <ignored/>
  </testcase> <!-- Audi_Q7_Test -->
  <testcase classname="GermanCars.BmwTest" name="Bmw_X5_Test" time="0.0">
    <ignored/>
  </testcase> <!-- Bmw_X5_Test -->
  <testcase classname="GermanCars.VolkswagenTest" name="Volkswagen_Tiguan_Test" time="0.0">
    <ignored/>
  </testcase> <!-- Volkswagen_Tiguan_Test -->
  <testcase classname="GermanCars.MercedesTest" name="Mercedes_c63_Test" time="0.0">
    <ignored/>
  </testcase> <!-- Mercedes_c63_Test -->
  <testcase classname="GermanCars.AudiTest" name="Audi_A6_Test" time="0.0">
    <ignored/>
  </testcase> <!-- Audi_A6_Test -->
  <testcase classname="GermanCars.VolkswagenTest" name="Volkswagen_Atlas_Test" time="0.0">
    <ignored/>
  </testcase> <!-- Volkswagen_Atlas_Test -->
  <testcase classname="GermanCars.MercedesTest" name="Mercedes_GLC_Test" time="0.0">
    <ignored/>
  </testcase> <!-- Mercedes_GLC_Test -->
  <testcase classname="GermanCars.BmwTest" name="Bmw_550i_Test" time="0.0">
    <ignored/>
  </testcase> <!-- Bmw_550i_Test -->
</testsuite> <!-- GermanCarsTest -->
