<?xml version="1.0" encoding="UTF-8"?>
<!-- Generated by org.testng.reporters.JUnitXMLReporter -->
<testsuite hostname="DESKTOP-9P43CVK" failures="0" tests="54" name="Test" time="0.053" errors="0" timestamp="29 Mar 2021 15:24:57 GMT">
  <testcase classname="JapanieseCars.MitsubishiTest" name="Mitsubishi_Evo_Test" time="0.005"/>
  <testcase classname="JapanieseCars.MitsubishiTest" name="Mitsubishi_Lancer_Test" time="0.001"/>
  <testcase classname="JapanieseCars.MitsubishiTest" name="Mitsubishi_Outlander_Test" time="0.0"/>
  <testcase classname="AmericanCars.CadillacTest" name="Cadillac_CT6_Test" time="0.0"/>
  <testcase classname="AmericanCars.CadillacTest" name="Cadillac_Escalade_Test" time="0.0"/>
  <testcase classname="AmericanCars.CadillacTest" name="Cadillac_XT5_Test" time="0.0"/>
  <testcase classname="JapanieseCars.MazdaTest" name="Mazda_3_Test" time="0.0"/>
  <testcase classname="JapanieseCars.MazdaTest" name="Mazda_6_Test" time="0.0"/>
  <testcase classname="JapanieseCars.MazdaTest" name="Mazda_CX5_Test" time="0.0"/>
  <testcase classname="JapanieseCars.ToyotaTest" name="Toyota_Camry_Test" time="0.0"/>
  <testcase classname="JapanieseCars.ToyotaTest" name="Toyota_Corolla_Test" time="0.001"/>
  <testcase classname="JapanieseCars.ToyotaTest" name="Toyota_Rav4_Test" time="0.001"/>
  <testcase classname="GermanCars.BmwTest" name="Bmw_550i_Test" time="0.001"/>
  <testcase classname="GermanCars.BmwTest" name="Bmw_M4_Test" time="0.0"/>
  <testcase classname="GermanCars.BmwTest" name="Bmw_X5_Test" time="0.0"/>
  <testcase classname="AmericanCars.FordTest" name="Ford_Eclipse_Test" time="0.001"/>
  <testcase classname="AmericanCars.FordTest" name="Ford_Focus_Test" time="0.001"/>
  <testcase classname="AmericanCars.FordTest" name="Ford_Mustang_Test" time="0.0"/>
  <testcase classname="AmericanCars.GmcTest" name="Gmc_Acadia_Test" time="0.0"/>
  <testcase classname="AmericanCars.GmcTest" name="Gmc_Terrain_Test" time="0.001"/>
  <testcase classname="AmericanCars.GmcTest" name="Gmc_Yukon_Test" time="0.001"/>
  <testcase classname="AmericanCars.TeslaTest" name="Tesla_Model3_Test" time="0.0"/>
  <testcase classname="AmericanCars.TeslaTest" name="Tesla_ModelS_Test" time="0.001"/>
  <testcase classname="AmericanCars.TeslaTest" name="Tesla_ModelX_Test" time="0.0"/>
  <testcase classname="GermanCars.VolkswagenTest" name="Volkswagen_Arteon_Test" time="0.001"/>
  <testcase classname="GermanCars.VolkswagenTest" name="Volkswagen_Atlas_Test" time="0.001"/>
  <testcase classname="GermanCars.VolkswagenTest" name="Volkswagen_Tiguan_Test" time="0.0"/>
  <testcase classname="JapanieseCars.LexusTest" name="Lexus_GS_Test" time="0.0"/>
  <testcase classname="JapanieseCars.LexusTest" name="Lexus_LX_Test" time="0.001"/>
  <testcase classname="JapanieseCars.LexusTest" name="Lexus_RC_Test" time="0.0"/>
  <testcase classname="GermanCars.MercedesTest" name="Mercedes_GLC_Test" time="0.0"/>
  <testcase classname="GermanCars.MercedesTest" name="Mercedes_S300_Test" time="0.001"/>
  <testcase classname="GermanCars.MercedesTest" name="Mercedes_c63_Test" time="0.0"/>
  <testcase classname="GermanCars.AudiTest" name="Audi_A6_Test" time="0.0"/>
  <testcase classname="GermanCars.AudiTest" name="Audi_Q7_Test" time="0.0"/>
  <testcase classname="GermanCars.AudiTest" name="Audi_RS4_Test" time="0.0"/>
  <testcase classname="AmericanCars.DodgeTest" name="Dodge_Challenger_Test" time="0.0"/>
  <testcase classname="AmericanCars.DodgeTest" name="Dodge_Charger_Test" time="0.0"/>
  <testcase classname="AmericanCars.DodgeTest" name="Dodge_Durango_Test" time="0.0"/>
  <testcase classname="JapanieseCars.NissanTest" name="Nissan_Altima_Test" time="0.0"/>
  <testcase classname="JapanieseCars.NissanTest" name="Nissan_Maxima_Test" time="0.001"/>
  <testcase classname="JapanieseCars.NissanTest" name="Nissan_Roque_Test" time="0.001"/>
  <testcase classname="AmericanCars.ChevyTest" name="Chevy_Camaro_Test" time="0.0"/>
  <testcase classname="AmericanCars.ChevyTest" name="Chevy_Impala_Test" time="0.0"/>
  <testcase classname="AmericanCars.ChevyTest" name="Chevy_Silverado_Test" time="0.0"/>
  <testcase classname="AmericanCars.JeepTest" name="Jeep_Cherokee_Test" time="0.001"/>
  <testcase classname="AmericanCars.JeepTest" name="Jeep_Grandcherokee_Test" time="0.0"/>
  <testcase classname="AmericanCars.JeepTest" name="Jeep_Rubicon_Test" time="0.0"/>
  <testcase classname="JapanieseCars.HondaTest" name="Honda_CRV_Test" time="0.001"/>
  <testcase classname="JapanieseCars.HondaTest" name="Honda_Civic_Test" time="0.0"/>
  <testcase classname="JapanieseCars.HondaTest" name="Honda_HRV_Test" time="0.0"/>
  <testcase classname="AmericanCars.ChryslerTest" name="Chrysler_200_Test" time="0.0"/>
  <testcase classname="AmericanCars.ChryslerTest" name="Chrysler_300S_Test" time="0.001"/>
  <testcase classname="AmericanCars.ChryslerTest" name="Chrysler_Pacifica_Test" time="0.0"/>
</testsuite> <!-- Test -->
